c:\users\cat college legazpi\source\repos\eidolon-breach\eidolonbreach\x64\debug\vc145.pdb
c:\users\cat college legazpi\source\repos\eidolon-breach\eidolonbreach\x64\debug\vc145.idb
c:\users\cat college legazpi\source\repos\eidolon-breach\eidolonbreach\x64\debug\consolerenderer.obj
c:\users\cat college legazpi\source\repos\eidolon-breach\eidolonbreach\x64\debug\main.obj
c:\users\cat college legazpi\source\repos\eidolon-breach\eidolonbreach\x64\debug\vampirebat.obj
c:\users\cat college legazpi\source\repos\eidolon-breach\eidolonbreach\x64\debug\unit.obj
c:\users\cat college legazpi\source\repos\eidolon-breach\eidolonbreach\x64\debug\stonegolem.obj
c:\users\cat college legazpi\source\repos\eidolon-breach\eidolonbreach\x64\debug\slime.obj
c:\users\cat college legazpi\source\repos\eidolon-breach\eidolonbreach\x64\debug\player.obj
c:\users\cat college legazpi\source\repos\eidolon-breach\eidolonbreach\x64\debug\playablecharacter.obj
c:\users\cat college legazpi\source\repos\eidolon-breach\eidolonbreach\x64\debug\party.obj
c:\users\cat college legazpi\source\repos\eidolon-breach\eidolonbreach\x64\debug\mage.obj
c:\users\cat college legazpi\source\repos\eidolon-breach\eidolonbreach\x64\debug\iaistrategy.obj
c:\users\cat college legazpi\source\repos\eidolon-breach\eidolonbreach\x64\debug\enemy.obj
c:\users\cat college legazpi\source\repos\eidolon-breach\eidolonbreach\x64\debug\character.obj
c:\users\cat college legazpi\source\repos\eidolon-breach\eidolonbreach\x64\debug\ultimateaction.obj
c:\users\cat college legazpi\source\repos\eidolon-breach\eidolonbreach\x64\debug\skillaction.obj
c:\users\cat college legazpi\source\repos\eidolon-breach\eidolonbreach\x64\debug\basicstrikeaction.obj
c:\users\cat college legazpi\source\repos\eidolon-breach\eidolonbreach\x64\debug\eidolonbreach.tlog\cl.command.1.tlog
c:\users\cat college legazpi\source\repos\eidolon-breach\eidolonbreach\x64\debug\eidolonbreach.tlog\cl.read.1.tlog
c:\users\cat college legazpi\source\repos\eidolon-breach\eidolonbreach\x64\debug\eidolonbreach.tlog\cl.write.1.tlog
